<?xml version="1.0" encoding="UTF-8"?>
<testng-results ignored="0" total="1" passed="0" failed="1" skipped="0">
  <reporter-output>
  </reporter-output>
  <suite started-at="2024-03-01T18:06:19 IST" name="Default suite" finished-at="2024-03-01T18:06:38 IST" duration-ms="19076">
    <groups>
      <group name="cucumber">
        <method signature="AbstractTestNGCucumberTests.runScenario(io.cucumber.testng.PickleWrapper,io.cucumber.testng.FeatureWrapper)[pri:0, instance:testRunner.TestngTestRunner@117e949d]" name="runScenario" class="io.cucumber.testng.AbstractTestNGCucumberTests"/>
      </group> <!-- cucumber -->
    </groups>
    <test started-at="2024-03-01T18:06:19 IST" name="Default test" finished-at="2024-03-01T18:06:38 IST" duration-ms="19076">
      <class name="testRunner.TestngTestRunner">
        <test-method is-config="true" signature="setUpClass(org.testng.ITestContext)[pri:0, instance:testRunner.TestngTestRunner@117e949d]" started-at="2024-03-01T18:06:19 IST" name="setUpClass" finished-at="2024-03-01T18:06:19 IST" duration-ms="600" status="PASS">
          <params>
            <param index="0">
              <value>
                <![CDATA[org.testng.TestRunner@643ecfef]]>
              </value>
            </param>
          </params>
          <reporter-output>
          </reporter-output>
        </test-method> <!-- setUpClass -->
        <test-method signature="runScenario(io.cucumber.testng.PickleWrapper,io.cucumber.testng.FeatureWrapper)[pri:0, instance:testRunner.TestngTestRunner@117e949d]" started-at="2024-03-01T18:06:19 IST" name="runScenario" description="Runs Cucumber Scenarios" data-provider="scenarios" finished-at="2024-03-01T18:06:37 IST" duration-ms="18049" status="FAIL">
          <params>
            <param index="0">
              <value>
                <![CDATA["Admin user can modify specific user details"]]>
              </value>
            </param>
            <param index="1">
              <value>
                <![CDATA["Portal Admin Actions"]]>
              </value>
            </param>
          </params>
          <exception class="org.openqa.selenium.NoSuchElementException">
            <message>
              <![CDATA[Unable to find element with locator By.xpath: (//div[@class='oxd-table-cell oxd-padding-cell']/div)[2]
For documentation on this error, please visit: https://selenium.dev/exceptions/#no_such_element
Build info: version: '4.8.2', revision: '826dbfc730'
System info: os.name: 'Windows 10', os.arch: 'amd64', os.version: '10.0', java.version: '21.0.2'
Driver info: driver.version: RemoteWebDriver]]>
            </message>
            <full-stacktrace>
              <![CDATA[org.openqa.selenium.NoSuchElementException: Unable to find element with locator By.xpath: (//div[@class='oxd-table-cell oxd-padding-cell']/div)[2]
For documentation on this error, please visit: https://selenium.dev/exceptions/#no_such_element
Build info: version: '4.8.2', revision: '826dbfc730'
System info: os.name: 'Windows 10', os.arch: 'amd64', os.version: '10.0', java.version: '21.0.2'
Driver info: driver.version: RemoteWebDriver
at org.openqa.selenium.remote.ElementLocation$ElementFinder$2.findElement(ElementLocation.java:165)
at org.openqa.selenium.remote.ElementLocation.findElement(ElementLocation.java:60)
at org.openqa.selenium.remote.RemoteWebDriver.findElement(RemoteWebDriver.java:352)
at org.openqa.selenium.remote.RemoteWebDriver.findElement(RemoteWebDriver.java:344)
at utilities.SeleniumMethods.getText(SeleniumMethods.java:61)
at pageObjects.AdminPage.textreturn(AdminPage.java:149)
at stepDefinitions.AdminStepDef.the_specific_user_details_are_updated_accordingly(AdminStepDef.java:111)
at ✽.the specific user details are updated accordingly(file:///C:/Users/om.patel/Downloads/BDD_Framework-master/BDD_Framework-master/./features/02Admin.feature:32)
]]>
            </full-stacktrace>
          </exception> <!-- org.openqa.selenium.NoSuchElementException -->
          <reporter-output>
          </reporter-output>
        </test-method> <!-- runScenario -->
        <test-method is-config="true" signature="tearDownClass()[pri:0, instance:testRunner.TestngTestRunner@117e949d]" started-at="2024-03-01T18:06:37 IST" name="tearDownClass" finished-at="2024-03-01T18:06:38 IST" duration-ms="363" status="PASS">
          <reporter-output>
          </reporter-output>
        </test-method> <!-- tearDownClass -->
      </class> <!-- testRunner.TestngTestRunner -->
    </test> <!-- Default test -->
  </suite> <!-- Default suite -->
</testng-results>
